Release 14.7 - xst P.20131013 (lin64)
Copyright (c) 1995-2013 Xilinx, Inc.  All rights reserved.
--> 
Parameter TMPDIR set to xst/projnav.tmp


Total REAL time to Xst completion: 0.00 secs
Total CPU time to Xst completion: 0.04 secs
 
--> 
Parameter xsthdpdir set to xst


Total REAL time to Xst completion: 0.00 secs
Total CPU time to Xst completion: 0.04 secs
 
--> 
Reading design: UART_memory.prj

TABLE OF CONTENTS
  1) Synthesis Options Summary
  2) HDL Parsing
  3) HDL Elaboration
  4) HDL Synthesis
       4.1) HDL Synthesis Report
  5) Advanced HDL Synthesis
       5.1) Advanced HDL Synthesis Report
  6) Low Level Synthesis
  7) Partition Report
  8) Design Summary
       8.1) Primitive and Black Box Usage
       8.2) Device utilization summary
       8.3) Partition Resource Summary
       8.4) Timing Report
            8.4.1) Clock Information
            8.4.2) Asynchronous Control Signals Information
            8.4.3) Timing Summary
            8.4.4) Timing Details
            8.4.5) Cross Clock Domains Report


=========================================================================
*                      Synthesis Options Summary                        *
=========================================================================
---- Source Parameters
Input File Name                    : "UART_memory.prj"
Ignore Synthesis Constraint File   : NO

---- Target Parameters
Output File Name                   : "UART_memory"
Output Format                      : NGC
Target Device                      : xc6slx45-2-csg324

---- Source Options
Top Module Name                    : UART_memory
Automatic FSM Extraction           : YES
FSM Encoding Algorithm             : Auto
Safe Implementation                : No
FSM Style                          : LUT
RAM Extraction                     : Yes
RAM Style                          : Auto
ROM Extraction                     : Yes
Shift Register Extraction          : YES
ROM Style                          : Auto
Resource Sharing                   : YES
Asynchronous To Synchronous        : NO
Shift Register Minimum Size        : 2
Use DSP Block                      : Auto
Automatic Register Balancing       : No

---- Target Options
LUT Combining                      : Auto
Reduce Control Sets                : Auto
Add IO Buffers                     : YES
Global Maximum Fanout              : 100000
Add Generic Clock Buffer(BUFG)     : 16
Register Duplication               : YES
Optimize Instantiated Primitives   : NO
Use Clock Enable                   : Auto
Use Synchronous Set                : Auto
Use Synchronous Reset              : Auto
Pack IO Registers into IOBs        : Auto
Equivalent register Removal        : YES

---- General Options
Optimization Goal                  : Speed
Optimization Effort                : 1
Power Reduction                    : NO
Keep Hierarchy                     : No
Netlist Hierarchy                  : As_Optimized
RTL Output                         : Yes
Global Optimization                : AllClockNets
Read Cores                         : YES
Write Timing Constraints           : NO
Cross Clock Analysis               : NO
Hierarchy Separator                : /
Bus Delimiter                      : <>
Case Specifier                     : Maintain
Slice Utilization Ratio            : 100
BRAM Utilization Ratio             : 100
DSP48 Utilization Ratio            : 100
Auto BRAM Packing                  : NO
Slice Utilization Ratio Delta      : 5

=========================================================================


=========================================================================
*                          HDL Parsing                                  *
=========================================================================
Analyzing Verilog file "/home/lsriw/SR/Wojciech Gumula/repo/uart_echo/UART_Tx.v" into library work
Parsing module <UART_Tx>.
Analyzing Verilog file "/home/lsriw/SR/Wojciech Gumula/repo/uart_echo/UART_Rx.v" into library work
Parsing module <UART_Rx>.
Analyzing Verilog file "/home/lsriw/SR/Wojciech Gumula/repo/uart_echo/UART_memory.v" into library work
Parsing module <UART_memory>.

=========================================================================
*                            HDL Elaboration                            *
=========================================================================

Elaborating module <UART_memory>.
WARNING:HDLCompiler:872 - "/home/lsriw/SR/Wojciech Gumula/repo/uart_echo/UART_memory.v" Line 64: Using initial value of RST since it is never assigned
WARNING:HDLCompiler:413 - "/home/lsriw/SR/Wojciech Gumula/repo/uart_echo/UART_memory.v" Line 51: Result of 16-bit expression is truncated to fit in 8-bit target.
WARNING:HDLCompiler:413 - "/home/lsriw/SR/Wojciech Gumula/repo/uart_echo/UART_memory.v" Line 52: Result of 16-bit expression is truncated to fit in 8-bit target.
WARNING:HDLCompiler:413 - "/home/lsriw/SR/Wojciech Gumula/repo/uart_echo/UART_memory.v" Line 53: Result of 16-bit expression is truncated to fit in 8-bit target.
WARNING:HDLCompiler:413 - "/home/lsriw/SR/Wojciech Gumula/repo/uart_echo/UART_memory.v" Line 54: Result of 16-bit expression is truncated to fit in 8-bit target.
WARNING:HDLCompiler:413 - "/home/lsriw/SR/Wojciech Gumula/repo/uart_echo/UART_memory.v" Line 55: Result of 16-bit expression is truncated to fit in 8-bit target.
WARNING:HDLCompiler:413 - "/home/lsriw/SR/Wojciech Gumula/repo/uart_echo/UART_memory.v" Line 56: Result of 16-bit expression is truncated to fit in 8-bit target.
WARNING:HDLCompiler:413 - "/home/lsriw/SR/Wojciech Gumula/repo/uart_echo/UART_memory.v" Line 57: Result of 16-bit expression is truncated to fit in 8-bit target.
WARNING:HDLCompiler:413 - "/home/lsriw/SR/Wojciech Gumula/repo/uart_echo/UART_memory.v" Line 58: Result of 16-bit expression is truncated to fit in 8-bit target.

Elaborating module <UART_Rx(CLOCK=100000000,BAUD_RATE=115200)>.

Elaborating module <UART_Tx(CLOCK=100000000,BAUD_RATE=115200)>.
WARNING:HDLCompiler:413 - "/home/lsriw/SR/Wojciech Gumula/repo/uart_echo/UART_memory.v" Line 113: Result of 3-bit expression is truncated to fit in 2-bit target.
WARNING:HDLCompiler:413 - "/home/lsriw/SR/Wojciech Gumula/repo/uart_echo/UART_memory.v" Line 117: Result of 3-bit expression is truncated to fit in 2-bit target.
WARNING:HDLCompiler:413 - "/home/lsriw/SR/Wojciech Gumula/repo/uart_echo/UART_memory.v" Line 139: Result of 32-bit expression is truncated to fit in 2-bit target.

=========================================================================
*                           HDL Synthesis                               *
=========================================================================

Synthesizing Unit <UART_memory>.
    Related source file is "/home/lsriw/SR/Wojciech Gumula/repo/uart_echo/UART_memory.v".
        REG_NUMBER = 8
    Found 1-bit register for signal <RD>.
    Found 16-bit register for signal <n0104[15:0]>.
    Found 8-bit register for signal <Tx_D>.
    Found 2-bit register for signal <tx_counter>.
    Found 128-bit register for signal <n0097[127:0]>.
    Found 2-bit register for signal <rx_counter>.
    Found 8-bit register for signal <high_data>.
    Found 8-bit register for signal <command>.
    Found 1-bit register for signal <prevTXE>.
    Found 1-bit register for signal <prevRXNE>.
    Found 1-bit register for signal <WR>.
    Found 2-bit adder for signal <rx_counter[1]_GND_1_o_add_13_OUT> created at line 117.
    Found 2-bit subtractor for signal <GND_1_o_GND_1_o_sub_44_OUT<1:0>> created at line 139.
    Found 16-bit 8-to-1 multiplexer for signal <n0155> created at line 120.
    Found 6-bit comparator lessequal for signal <n0015> created at line 130
    Summary:
	inferred   2 Adder/Subtractor(s).
	inferred 176 D-type flip-flop(s).
	inferred   1 Comparator(s).
	inferred  15 Multiplexer(s).
Unit <UART_memory> synthesized.

Synthesizing Unit <UART_Rx>.
    Related source file is "/home/lsriw/SR/Wojciech Gumula/repo/uart_echo/UART_Rx.v".
        CLOCK = 100000000
        BAUD_RATE = 115200
    Found 7-bit register for signal <baud_counter>.
    Found 1-bit register for signal <CLK_B>.
    Found 2-bit register for signal <symbol_cnt>.
    Found 4-bit register for signal <data_cnt>.
    Found 1-bit register for signal <RXNE>.
    Found 1-bit register for signal <busy>.
    Found 8-bit register for signal <D>.
    Found 10-bit register for signal <data>.
    Found 4-bit register for signal <symbol>.
    Found 1-bit register for signal <prev_CLK_B>.
    Found 2-bit subtractor for signal <symbol_cnt[1]_GND_2_o_sub_16_OUT> created at line 77.
    Found 4-bit subtractor for signal <data_cnt[3]_GND_2_o_sub_24_OUT> created at line 87.
    Found 7-bit adder for signal <baud_counter[6]_GND_2_o_add_1_OUT> created at line 44.
    Summary:
	inferred   3 Adder/Subtractor(s).
	inferred  39 D-type flip-flop(s).
	inferred   6 Multiplexer(s).
Unit <UART_Rx> synthesized.

Synthesizing Unit <UART_Tx>.
    Related source file is "/home/lsriw/SR/Wojciech Gumula/repo/uart_echo/UART_Tx.v".
        CLOCK = 100000000
        BAUD_RATE = 115200
    Found 9-bit register for signal <baud_counter>.
    Found 1-bit register for signal <CLK_B>.
    Found 10-bit register for signal <send_reg>.
    Found 4-bit register for signal <counter>.
    Found 1-bit register for signal <TXE>.
    Found 1-bit register for signal <prev_CLK_B>.
    Found 4-bit subtractor for signal <counter[3]_GND_3_o_sub_12_OUT> created at line 69.
    Found 9-bit adder for signal <baud_counter[8]_GND_3_o_add_1_OUT> created at line 47.
    Summary:
	inferred   2 Adder/Subtractor(s).
	inferred  26 D-type flip-flop(s).
	inferred   2 Multiplexer(s).
Unit <UART_Tx> synthesized.

=========================================================================
HDL Synthesis Report

Macro Statistics
# Adders/Subtractors                                   : 7
 2-bit adder                                           : 1
 2-bit subtractor                                      : 2
 4-bit subtractor                                      : 2
 7-bit adder                                           : 1
 9-bit adder                                           : 1
# Registers                                            : 27
 1-bit register                                        : 11
 10-bit register                                       : 2
 128-bit register                                      : 1
 16-bit register                                       : 1
 2-bit register                                        : 3
 4-bit register                                        : 3
 7-bit register                                        : 1
 8-bit register                                        : 4
 9-bit register                                        : 1
# Comparators                                          : 1
 6-bit comparator lessequal                            : 1
# Multiplexers                                         : 23
 1-bit 2-to-1 multiplexer                              : 2
 10-bit 2-to-1 multiplexer                             : 2
 16-bit 2-to-1 multiplexer                             : 8
 16-bit 8-to-1 multiplexer                             : 1
 2-bit 2-to-1 multiplexer                              : 4
 4-bit 2-to-1 multiplexer                              : 4
 8-bit 2-to-1 multiplexer                              : 2

=========================================================================

=========================================================================
*                       Advanced HDL Synthesis                          *
=========================================================================

WARNING:Xst:2677 - Node <data_0> of sequential type is unconnected in block <rx_module>.

Synthesizing (advanced) Unit <UART_Rx>.
The following registers are absorbed into counter <baud_counter>: 1 register on signal <baud_counter>.
Unit <UART_Rx> synthesized (advanced).

Synthesizing (advanced) Unit <UART_Tx>.
The following registers are absorbed into counter <baud_counter>: 1 register on signal <baud_counter>.
The following registers are absorbed into counter <counter>: 1 register on signal <counter>.
Unit <UART_Tx> synthesized (advanced).

Synthesizing (advanced) Unit <UART_memory>.
The following registers are absorbed into counter <rx_counter>: 1 register on signal <rx_counter>.
The following registers are absorbed into counter <tx_counter>: 1 register on signal <tx_counter>.
Unit <UART_memory> synthesized (advanced).
WARNING:Xst:2677 - Node <data_0> of sequential type is unconnected in block <UART_Rx>.

=========================================================================
Advanced HDL Synthesis Report

Macro Statistics
# Adders/Subtractors                                   : 2
 2-bit subtractor                                      : 1
 4-bit subtractor                                      : 1
# Counters                                             : 5
 2-bit down counter                                    : 1
 2-bit up counter                                      : 1
 4-bit down counter                                    : 1
 7-bit up counter                                      : 1
 9-bit up counter                                      : 1
# Registers                                            : 216
 Flip-Flops                                            : 216
# Comparators                                          : 1
 6-bit comparator lessequal                            : 1
# Multiplexers                                         : 155
 1-bit 2-to-1 multiplexer                              : 130
 1-bit 8-to-1 multiplexer                              : 16
 10-bit 2-to-1 multiplexer                             : 2
 2-bit 2-to-1 multiplexer                              : 2
 4-bit 2-to-1 multiplexer                              : 3
 8-bit 2-to-1 multiplexer                              : 2

=========================================================================

=========================================================================
*                         Low Level Synthesis                           *
=========================================================================
WARNING:Xst:2677 - Node <data_1> of sequential type is unconnected in block <UART_Rx>.

Optimizing unit <UART_memory> ...

Optimizing unit <UART_Rx> ...

Optimizing unit <UART_Tx> ...
INFO:Xst:2261 - The FF/Latch <rx_module/baud_counter_0> in Unit <UART_memory> is equivalent to the following FF/Latch, which will be removed : <tx_module/baud_counter_0> 

Mapping all equations...
Building and optimizing final netlist ...
Found area constraint ratio of 100 (+ 5) on block UART_memory, actual ratio is 1.
FlipFlop command_0 has been replicated 1 time(s)
FlipFlop command_1 has been replicated 1 time(s)
FlipFlop command_2 has been replicated 1 time(s)

Final Macro Processing ...

=========================================================================
Final Register Report

Macro Statistics
# Registers                                            : 241
 Flip-Flops                                            : 241

=========================================================================

=========================================================================
*                           Partition Report                            *
=========================================================================

Partition Implementation Status
-------------------------------

  No Partitions were found in this design.

-------------------------------

=========================================================================
*                            Design Summary                             *
=========================================================================

Top Level Output File Name         : UART_memory.ngc

Primitive and Black Box Usage:
------------------------------
# BELS                             : 319
#      GND                         : 1
#      INV                         : 2
#      LUT1                        : 8
#      LUT2                        : 13
#      LUT3                        : 16
#      LUT4                        : 142
#      LUT5                        : 36
#      LUT6                        : 84
#      MUXCY                       : 8
#      VCC                         : 1
#      XORCY                       : 8
# FlipFlops/Latches                : 241
#      FD                          : 19
#      FDE                         : 207
#      FDR                         : 15
# Clock Buffers                    : 1
#      BUFGP                       : 1
# IO Buffers                       : 74
#      IBUF                        : 1
#      OBUF                        : 73

Device utilization summary:
---------------------------

Selected Device : 6slx45csg324-2 


Slice Logic Utilization: 
 Number of Slice Registers:             241  out of  54576     0%  
 Number of Slice LUTs:                  301  out of  27288     1%  
    Number used as Logic:               301  out of  27288     1%  

Slice Logic Distribution: 
 Number of LUT Flip Flop pairs used:    331
   Number with an unused Flip Flop:      90  out of    331    27%  
   Number with an unused LUT:            30  out of    331     9%  
   Number of fully used LUT-FF pairs:   211  out of    331    63%  
   Number of unique control sets:        13

IO Utilization: 
 Number of IOs:                          75
 Number of bonded IOBs:                  75  out of    218    34%  

Specific Feature Utilization:
 Number of BUFG/BUFGCTRLs:                1  out of     16     6%  

---------------------------
Partition Resource Summary:
---------------------------

  No Partitions were found in this design.

---------------------------


=========================================================================
Timing Report

NOTE: THESE TIMING NUMBERS ARE ONLY A SYNTHESIS ESTIMATE.
      FOR ACCURATE TIMING INFORMATION PLEASE REFER TO THE TRACE REPORT
      GENERATED AFTER PLACE-and-ROUTE.

Clock Information:
------------------
-----------------------------------+------------------------+-------+
Clock Signal                       | Clock buffer(FF name)  | Load  |
-----------------------------------+------------------------+-------+
clk100                             | BUFGP                  | 241   |
-----------------------------------+------------------------+-------+

Asynchronous Control Signals Information:
----------------------------------------
No asynchronous control signals found in this design

Timing Summary:
---------------
Speed Grade: -2

   Minimum period: 4.644ns (Maximum Frequency: 215.332MHz)
   Minimum input arrival time before clock: 5.223ns
   Maximum output required time after clock: 4.240ns
   Maximum combinational path delay: No path found

Timing Details:
---------------
All values displayed in nanoseconds (ns)

=========================================================================
Timing constraint: Default period analysis for Clock 'clk100'
  Clock period: 4.644ns (frequency: 215.332MHz)
  Total number of paths / destination ports: 3198 / 462
-------------------------------------------------------------------------
Delay:               4.644ns (Levels of Logic = 3)
  Source:            rx_module/prev_CLK_B (FF)
  Destination:       rx_module/symbol_cnt_1 (FF)
  Source Clock:      clk100 rising
  Destination Clock: clk100 rising

  Data Path: rx_module/prev_CLK_B to rx_module/symbol_cnt_1
                                Gate     Net
    Cell:in->out      fanout   Delay   Delay  Logical Name (Net Name)
    ----------------------------------------  ------------
     FD:C->Q               5   0.525   1.271  rx_module/prev_CLK_B (rx_module/prev_CLK_B)
     LUT5:I0->O           20   0.254   1.286  rx_module/_n013212 (rx_module/_n01321)
     LUT5:I4->O            2   0.254   0.726  rx_module/_n01381 (rx_module/_n0138)
     LUT5:I4->O            1   0.254   0.000  rx_module/symbol_cnt_1_glue_set (rx_module/symbol_cnt_1_glue_set)
     FD:D                      0.074          rx_module/symbol_cnt_1
    ----------------------------------------
    Total                      4.644ns (1.361ns logic, 3.283ns route)
                                       (29.3% logic, 70.7% route)

=========================================================================
Timing constraint: Default OFFSET IN BEFORE for Clock 'clk100'
  Total number of paths / destination ports: 8 / 8
-------------------------------------------------------------------------
Offset:              5.223ns (Levels of Logic = 4)
  Source:            UartRx (PAD)
  Destination:       rx_module/symbol_cnt_1 (FF)
  Destination Clock: clk100 rising

  Data Path: UartRx to rx_module/symbol_cnt_1
                                Gate     Net
    Cell:in->out      fanout   Delay   Delay  Logical Name (Net Name)
    ----------------------------------------  ------------
     IBUF:I->O             3   1.328   1.221  UartRx_IBUF (UartRx_IBUF)
     LUT6:I0->O            1   0.254   0.682  rx_module/_n0205_inv1_SW0 (N19)
     LUT6:I5->O            2   0.254   1.156  rx_module/_n0205_inv1 (rx_module/_n0205_inv)
     LUT5:I0->O            1   0.254   0.000  rx_module/symbol_cnt_1_glue_set (rx_module/symbol_cnt_1_glue_set)
     FD:D                      0.074          rx_module/symbol_cnt_1
    ----------------------------------------
    Total                      5.223ns (2.164ns logic, 3.059ns route)
                                       (41.4% logic, 58.6% route)

=========================================================================
Timing constraint: Default OFFSET OUT AFTER for Clock 'clk100'
  Total number of paths / destination ports: 73 / 73
-------------------------------------------------------------------------
Offset:              4.240ns (Levels of Logic = 1)
  Source:            memory_0_7 (FF)
  Destination:       reg0<7> (PAD)
  Source Clock:      clk100 rising

  Data Path: memory_0_7 to reg0<7>
                                Gate     Net
    Cell:in->out      fanout   Delay   Delay  Logical Name (Net Name)
    ----------------------------------------  ------------
     FDE:C->Q              4   0.525   0.803  memory_0_7 (memory_0_7)
     OBUF:I->O                 2.912          reg0_7_OBUF (reg0<7>)
    ----------------------------------------
    Total                      4.240ns (3.437ns logic, 0.803ns route)
                                       (81.1% logic, 18.9% route)

=========================================================================

Cross Clock Domains Report:
--------------------------

Clock to Setup on destination clock clk100
---------------+---------+---------+---------+---------+
               | Src:Rise| Src:Fall| Src:Rise| Src:Fall|
Source Clock   |Dest:Rise|Dest:Rise|Dest:Fall|Dest:Fall|
---------------+---------+---------+---------+---------+
clk100         |    4.644|         |         |         |
---------------+---------+---------+---------+---------+

=========================================================================


Total REAL time to Xst completion: 5.00 secs
Total CPU time to Xst completion: 4.97 secs
 
--> 


Total memory usage is 385832 kilobytes

Number of errors   :    0 (   0 filtered)
Number of warnings :   15 (   0 filtered)
Number of infos    :    1 (   0 filtered)

